2024.01.11 11:05:14 INFO  Started: Metals version 1.2.0 in folders '/home/max/Bureau/Work/ECOLE/ING2-EISTI/Semestre4/Programmation_fonctionnelle/Max' for client Visual Studio Code 1.85.1.
2024.01.11 11:05:15 WARN  Build server is not auto-connectable.
2024.01.11 11:05:15 WARN  no build tool detected in workspace '/home/max/Bureau/Work/ECOLE/ING2-EISTI/Semestre4/Programmation_fonctionnelle/Max'. The most common cause for this problem is that the editor was opened in the wrong working directory, for example if you use sbt then the workspace directory should contain build.sbt. 
2024.01.11 11:05:15 WARN  no build target for: /home/max/Bureau/Work/ECOLE/ING2-EISTI/Semestre4/Programmation_fonctionnelle/Max/Cours/ScalaVersion/TP1/tp1.scala
2024.01.11 11:05:19 INFO  no build target found for /home/max/Bureau/Work/ECOLE/ING2-EISTI/Semestre4/Programmation_fonctionnelle/Max/Cours/ScalaVersion/TP1/tp1.scala. Using presentation compiler with project's scala-library version: 3.3.1
2024.01.11 11:05:21 INFO  time: code lens generation in 3.02s
2024.01.11 11:05:31 WARN  no build target for: /home/max/Bureau/Work/ECOLE/ING2-EISTI/Semestre4/Programmation_fonctionnelle/Max/Cours/ScalaVersion/TP1/tp1.scala
2024.01.11 11:05:34 WARN  no build target for: /home/max/Bureau/Work/ECOLE/ING2-EISTI/Semestre4/Programmation_fonctionnelle/Max/Cours/ScalaVersion/TP1/tp1.scala
janv. 11, 2024 11:07:24 AM org.eclipse.lsp4j.jsonrpc.services.GenericEndpoint notify
INFOS: Unsupported notification method: $/setTrace
2024.01.11 11:07:42 INFO  Shutting down server
2024.01.11 11:07:42 INFO  shutting down Metals
2024.01.11 11:07:42 INFO  Exiting server
2024.01.11 13:51:43 INFO  Started: Metals version 1.2.0 in folders '/home/max/Bureau/Work/ECOLE/ING2-EISTI/Semestre4/Programmation_fonctionnelle/Max' for client Visual Studio Code 1.85.1.
2024.01.11 13:51:44 WARN  no build tool detected in workspace '/home/max/Bureau/Work/ECOLE/ING2-EISTI/Semestre4/Programmation_fonctionnelle/Max'. The most common cause for this problem is that the editor was opened in the wrong working directory, for example if you use sbt then the workspace directory should contain build.sbt. 
2024.01.11 13:51:44 WARN  Build server is not auto-connectable.
2024.01.11 13:51:44 WARN  no build target for: /home/max/Bureau/Work/ECOLE/ING2-EISTI/Semestre4/Programmation_fonctionnelle/Max/Cours/ScalaVersion/TP1/tp1.scala
2024.01.11 13:51:48 INFO  no build target found for /home/max/Bureau/Work/ECOLE/ING2-EISTI/Semestre4/Programmation_fonctionnelle/Max/Cours/ScalaVersion/TP1/tp1.scala. Using presentation compiler with project's scala-library version: 3.3.1
2024.01.11 13:51:50 INFO  time: code lens generation in 5.68s
2024.01.11 13:52:19 WARN  no build target for: /home/max/Bureau/Work/ECOLE/ING2-EISTI/Semestre4/Programmation_fonctionnelle/Max/Cours/ScalaVersion/TP1/tp1.scala
2024.01.11 13:52:21 WARN  no build target for: /home/max/Bureau/Work/ECOLE/ING2-EISTI/Semestre4/Programmation_fonctionnelle/Max/Cours/ScalaVersion/TP1/tp1.scala
2024.01.11 13:52:22 WARN  no build target for: /home/max/Bureau/Work/ECOLE/ING2-EISTI/Semestre4/Programmation_fonctionnelle/Max/Cours/ScalaVersion/TP1/tp1.scala
2024.01.11 13:52:24 WARN  no build target for: /home/max/Bureau/Work/ECOLE/ING2-EISTI/Semestre4/Programmation_fonctionnelle/Max/Cours/ScalaVersion/TP1/tp1.scala
2024.01.11 13:52:58 WARN  no build target for: /home/max/Bureau/Work/ECOLE/ING2-EISTI/Semestre4/Programmation_fonctionnelle/Max/Cours/ScalaVersion/TP1/tp1.scala
2024.01.11 13:53:00 WARN  no build target for: /home/max/Bureau/Work/ECOLE/ING2-EISTI/Semestre4/Programmation_fonctionnelle/Max/Cours/ScalaVersion/TP1/tp1.scala
2024.01.11 13:53:02 WARN  no build target for: /home/max/Bureau/Work/ECOLE/ING2-EISTI/Semestre4/Programmation_fonctionnelle/Max/Cours/ScalaVersion/TP1/tp1.scala
2024.01.11 13:53:03 WARN  no build target for: /home/max/Bureau/Work/ECOLE/ING2-EISTI/Semestre4/Programmation_fonctionnelle/Max/Cours/ScalaVersion/TP1/tp1.scala
2024.01.11 13:53:03 WARN  no build target for: /home/max/Bureau/Work/ECOLE/ING2-EISTI/Semestre4/Programmation_fonctionnelle/Max/Cours/ScalaVersion/TP1/tp1.scala
2024.01.11 13:53:03 WARN  no build target for: /home/max/Bureau/Work/ECOLE/ING2-EISTI/Semestre4/Programmation_fonctionnelle/Max/Cours/ScalaVersion/TP1/tp1.scala
2024.01.11 13:53:03 WARN  no build target for: /home/max/Bureau/Work/ECOLE/ING2-EISTI/Semestre4/Programmation_fonctionnelle/Max/Cours/ScalaVersion/TP1/tp1.scala
2024.01.11 13:53:04 WARN  no build target for: /home/max/Bureau/Work/ECOLE/ING2-EISTI/Semestre4/Programmation_fonctionnelle/Max/Cours/ScalaVersion/TP1/tp1.scala
2024.01.11 13:53:04 WARN  no build target for: /home/max/Bureau/Work/ECOLE/ING2-EISTI/Semestre4/Programmation_fonctionnelle/Max/Cours/ScalaVersion/TP1/tp1.scala
2024.01.11 13:53:07 WARN  no build target for: /home/max/Bureau/Work/ECOLE/ING2-EISTI/Semestre4/Programmation_fonctionnelle/Max/Cours/ScalaVersion/TP1/tp1.scala
2024.01.11 13:53:08 WARN  no build target for: /home/max/Bureau/Work/ECOLE/ING2-EISTI/Semestre4/Programmation_fonctionnelle/Max/Cours/ScalaVersion/TP1/tp1.scala
2024.01.11 13:53:11 WARN  no build target for: /home/max/Bureau/Work/ECOLE/ING2-EISTI/Semestre4/Programmation_fonctionnelle/Max/Cours/ScalaVersion/TP1/tp1.scala
2024.01.11 13:53:15 WARN  no build target for: /home/max/Bureau/Work/ECOLE/ING2-EISTI/Semestre4/Programmation_fonctionnelle/Max/Cours/ScalaVersion/TP1/tp1.scala
2024.01.11 13:53:15 WARN  no build target for: /home/max/Bureau/Work/ECOLE/ING2-EISTI/Semestre4/Programmation_fonctionnelle/Max/Cours/ScalaVersion/TP1/tp1.scala
2024.01.11 13:53:17 WARN  no build target for: /home/max/Bureau/Work/ECOLE/ING2-EISTI/Semestre4/Programmation_fonctionnelle/Max/Cours/ScalaVersion/TP1/tp1.scala
2024.01.11 13:53:18 WARN  no build target for: /home/max/Bureau/Work/ECOLE/ING2-EISTI/Semestre4/Programmation_fonctionnelle/Max/Cours/ScalaVersion/TP1/tp1.scala
2024.01.11 13:53:22 WARN  no build target for: /home/max/Bureau/Work/ECOLE/ING2-EISTI/Semestre4/Programmation_fonctionnelle/Max/Cours/ScalaVersion/TP1/tp1.scala
2024.01.11 13:53:29 WARN  no build target for: /home/max/Bureau/Work/ECOLE/ING2-EISTI/Semestre4/Programmation_fonctionnelle/Max/Cours/ScalaVersion/TP1/tp1.scala
2024.01.11 13:53:31 WARN  no build target for: /home/max/Bureau/Work/ECOLE/ING2-EISTI/Semestre4/Programmation_fonctionnelle/Max/Cours/ScalaVersion/TP1/tp1.scala
janv. 11, 2024 1:53:41 PM org.eclipse.lsp4j.jsonrpc.RemoteEndpoint handleCancellation
AVERTISSEMENT: Unmatched cancel notification for request id 172
janv. 11, 2024 1:53:41 PM org.eclipse.lsp4j.jsonrpc.RemoteEndpoint handleCancellation
AVERTISSEMENT: Unmatched cancel notification for request id 175
janv. 11, 2024 1:53:42 PM org.eclipse.lsp4j.jsonrpc.RemoteEndpoint handleCancellation
AVERTISSEMENT: Unmatched cancel notification for request id 178
janv. 11, 2024 1:53:42 PM org.eclipse.lsp4j.jsonrpc.RemoteEndpoint handleCancellation
AVERTISSEMENT: Unmatched cancel notification for request id 181
2024.01.11 13:53:43 WARN  no build target for: /home/max/Bureau/Work/ECOLE/ING2-EISTI/Semestre4/Programmation_fonctionnelle/Max/Cours/ScalaVersion/TP1/tp1.scala
2024.01.11 13:53:46 WARN  no build target for: /home/max/Bureau/Work/ECOLE/ING2-EISTI/Semestre4/Programmation_fonctionnelle/Max/Cours/ScalaVersion/TP1/tp1.scala
2024.01.11 13:53:53 WARN  no build target for: /home/max/Bureau/Work/ECOLE/ING2-EISTI/Semestre4/Programmation_fonctionnelle/Max/Cours/ScalaVersion/TP1/tp1.scala
2024.01.11 13:53:56 WARN  no build target for: /home/max/Bureau/Work/ECOLE/ING2-EISTI/Semestre4/Programmation_fonctionnelle/Max/Cours/ScalaVersion/TP1/tp1.scala
2024.01.11 13:53:57 WARN  no build target for: /home/max/Bureau/Work/ECOLE/ING2-EISTI/Semestre4/Programmation_fonctionnelle/Max/Cours/ScalaVersion/TP1/tp1.scala
2024.01.11 13:53:57 WARN  no build target for: /home/max/Bureau/Work/ECOLE/ING2-EISTI/Semestre4/Programmation_fonctionnelle/Max/Cours/ScalaVersion/TP1/tp1.scala
2024.01.11 13:53:59 WARN  no build target for: /home/max/Bureau/Work/ECOLE/ING2-EISTI/Semestre4/Programmation_fonctionnelle/Max/Cours/ScalaVersion/TP1/tp1.scala
2024.01.11 13:54:00 WARN  no build target for: /home/max/Bureau/Work/ECOLE/ING2-EISTI/Semestre4/Programmation_fonctionnelle/Max/Cours/ScalaVersion/TP1/tp1.scala
2024.01.11 13:54:05 WARN  no build target for: /home/max/Bureau/Work/ECOLE/ING2-EISTI/Semestre4/Programmation_fonctionnelle/Max/Cours/ScalaVersion/TP1/tp1.scala
2024.01.11 13:54:06 WARN  no build target for: /home/max/Bureau/Work/ECOLE/ING2-EISTI/Semestre4/Programmation_fonctionnelle/Max/Cours/ScalaVersion/TP1/tp1.scala
2024.01.11 14:00:46 WARN  no build target for: /home/max/Bureau/Work/ECOLE/ING2-EISTI/Semestre4/Programmation_fonctionnelle/Max/Cours/ScalaVersion/TP1/tp1.scala
2024.01.11 14:00:47 WARN  no build target for: /home/max/Bureau/Work/ECOLE/ING2-EISTI/Semestre4/Programmation_fonctionnelle/Max/Cours/ScalaVersion/TP1/tp1.scala
2024.01.11 14:00:47 WARN  no build target for: /home/max/Bureau/Work/ECOLE/ING2-EISTI/Semestre4/Programmation_fonctionnelle/Max/Cours/ScalaVersion/TP1/tp1.scala
2024.01.11 14:02:55 INFO  Started: Metals version 1.2.0 in folders '/home/max/Bureau/Work/ECOLE/ING2-EISTI/Semestre4/Programmation_fonctionnelle/Max' for client Visual Studio Code 1.85.1.
2024.01.11 14:08:18 INFO  Started: Metals version 1.2.0 in folders '/home/max/Bureau/Work/ECOLE/ING2-EISTI/Semestre4/Programmation_fonctionnelle/Max' for client Visual Studio Code 1.85.1.
2024.01.11 14:08:23 WARN  Build server is not auto-connectable.
2024.01.11 14:08:23 WARN  no build tool detected in workspace '/home/max/Bureau/Work/ECOLE/ING2-EISTI/Semestre4/Programmation_fonctionnelle/Max'. The most common cause for this problem is that the editor was opened in the wrong working directory, for example if you use sbt then the workspace directory should contain build.sbt. 
2024.01.11 14:08:23 WARN  no build target for: /home/max/Bureau/Work/ECOLE/ING2-EISTI/Semestre4/Programmation_fonctionnelle/Max/Cours/ScalaVersion/TP1/tp1.scala
janv. 11, 2024 2:08:24 PM org.eclipse.lsp4j.jsonrpc.RemoteEndpoint handleCancellation
AVERTISSEMENT: Unmatched cancel notification for request id 2
2024.01.11 14:08:28 INFO  no build target found for /home/max/Bureau/Work/ECOLE/ING2-EISTI/Semestre4/Programmation_fonctionnelle/Max/Cours/ScalaVersion/TP1/tp1.scala. Using presentation compiler with project's scala-library version: 3.3.1
janv. 11, 2024 2:08:29 PM org.eclipse.lsp4j.jsonrpc.RemoteEndpoint handleCancellation
AVERTISSEMENT: Unmatched cancel notification for request id 1
janv. 11, 2024 2:08:29 PM org.eclipse.lsp4j.jsonrpc.RemoteEndpoint handleCancellation
AVERTISSEMENT: Unmatched cancel notification for request id 5
2024.01.11 14:08:29 WARN  no build target for: /home/max/Bureau/Work/ECOLE/ING2-EISTI/Semestre4/Programmation_fonctionnelle/Max/Cours/ScalaVersion/TP1/tp1.scala
janv. 11, 2024 2:08:29 PM org.eclipse.lsp4j.jsonrpc.RemoteEndpoint handleCancellation
AVERTISSEMENT: Unmatched cancel notification for request id 10
janv. 11, 2024 2:08:29 PM org.eclipse.lsp4j.jsonrpc.RemoteEndpoint handleCancellation
AVERTISSEMENT: Unmatched cancel notification for request id 15
2024.01.11 14:08:30 WARN  no build target for: /home/max/Bureau/Work/ECOLE/ING2-EISTI/Semestre4/Programmation_fonctionnelle/Max/Cours/ScalaVersion/TP1/tp1.scala
2024.01.11 14:08:32 INFO  time: code lens generation in 3.27s
2024.01.11 14:08:32 INFO  time: code lens generation in 3.14s
2024.01.11 14:08:32 INFO  time: code lens generation in 3.22s
2024.01.11 14:08:32 INFO  time: code lens generation in 3.35s
2024.01.11 14:08:32 INFO  time: code lens generation in 8.35s
2024.01.11 14:08:32 INFO  time: code lens generation in 3.19s
2024.01.11 14:08:32 INFO  time: code lens generation in 2.09s
2024.01.11 14:08:32 INFO  time: code lens generation in 3.16s
2024.01.11 14:08:40 WARN  no build target for: /home/max/Bureau/Work/ECOLE/ING2-EISTI/Semestre4/Programmation_fonctionnelle/Max/Cours/ScalaVersion/TP1/tp1.scala
janv. 11, 2024 2:08:47 PM org.eclipse.lsp4j.jsonrpc.RemoteEndpoint handleCancellation
AVERTISSEMENT: Unmatched cancel notification for request id 74
2024.01.11 14:08:48 WARN  no build target for: /home/max/Bureau/Work/ECOLE/ING2-EISTI/Semestre4/Programmation_fonctionnelle/Max/Cours/ScalaVersion/TP1/tp1.scala
2024.01.11 14:08:51 WARN  no build target for: /home/max/Bureau/Work/ECOLE/ING2-EISTI/Semestre4/Programmation_fonctionnelle/Max/Cours/ScalaVersion/TP1/tp1.scala
2024.01.11 14:08:55 WARN  no build target for: /home/max/Bureau/Work/ECOLE/ING2-EISTI/Semestre4/Programmation_fonctionnelle/Max/Cours/ScalaVersion/TP1/tp1.scala
2024.01.11 14:08:58 WARN  no build target for: /home/max/Bureau/Work/ECOLE/ING2-EISTI/Semestre4/Programmation_fonctionnelle/Max/Cours/ScalaVersion/TP1/tp1.scala
2024.01.11 14:09:00 WARN  no build target for: /home/max/Bureau/Work/ECOLE/ING2-EISTI/Semestre4/Programmation_fonctionnelle/Max/Cours/ScalaVersion/TP1/tp1.scala
2024.01.11 14:09:01 WARN  no build target for: /home/max/Bureau/Work/ECOLE/ING2-EISTI/Semestre4/Programmation_fonctionnelle/Max/Cours/ScalaVersion/TP1/tp1.scala
2024.01.11 14:09:02 WARN  no build target for: /home/max/Bureau/Work/ECOLE/ING2-EISTI/Semestre4/Programmation_fonctionnelle/Max/Cours/ScalaVersion/TP1/tp1.scala
2024.01.11 14:09:02 WARN  no build target for: /home/max/Bureau/Work/ECOLE/ING2-EISTI/Semestre4/Programmation_fonctionnelle/Max/Cours/ScalaVersion/TP1/tp1.scala
2024.01.11 14:09:02 WARN  no build target for: /home/max/Bureau/Work/ECOLE/ING2-EISTI/Semestre4/Programmation_fonctionnelle/Max/Cours/ScalaVersion/TP1/tp1.scala
2024.01.11 14:09:03 WARN  no build target for: /home/max/Bureau/Work/ECOLE/ING2-EISTI/Semestre4/Programmation_fonctionnelle/Max/Cours/ScalaVersion/TP1/tp1.scala
2024.01.11 14:09:03 WARN  no build target for: /home/max/Bureau/Work/ECOLE/ING2-EISTI/Semestre4/Programmation_fonctionnelle/Max/Cours/ScalaVersion/TP1/tp1.scala
2024.01.11 14:09:14 WARN  no build target for: /home/max/Bureau/Work/ECOLE/ING2-EISTI/Semestre4/Programmation_fonctionnelle/Max/Cours/ScalaVersion/TP1/tp1.scala
2024.01.11 14:09:16 WARN  no build target for: /home/max/Bureau/Work/ECOLE/ING2-EISTI/Semestre4/Programmation_fonctionnelle/Max/Cours/ScalaVersion/TP1/tp1.scala
2024.01.11 14:09:30 WARN  no build target for: /home/max/Bureau/Work/ECOLE/ING2-EISTI/Semestre4/Programmation_fonctionnelle/Max/Cours/ScalaVersion/TP1/tp1.scala
2024.01.11 14:09:32 WARN  no build target for: /home/max/Bureau/Work/ECOLE/ING2-EISTI/Semestre4/Programmation_fonctionnelle/Max/Cours/ScalaVersion/TP1/tp1.scala
2024.01.11 14:09:38 WARN  no build target for: /home/max/Bureau/Work/ECOLE/ING2-EISTI/Semestre4/Programmation_fonctionnelle/Max/Cours/ScalaVersion/TP1/tp1.scala
2024.01.11 14:09:39 WARN  no build target for: /home/max/Bureau/Work/ECOLE/ING2-EISTI/Semestre4/Programmation_fonctionnelle/Max/Cours/ScalaVersion/TP1/tp1.scala
2024.01.11 14:09:41 WARN  no build target for: /home/max/Bureau/Work/ECOLE/ING2-EISTI/Semestre4/Programmation_fonctionnelle/Max/Cours/ScalaVersion/TP1/tp1.scala
2024.01.11 14:09:41 WARN  no build target for: /home/max/Bureau/Work/ECOLE/ING2-EISTI/Semestre4/Programmation_fonctionnelle/Max/Cours/ScalaVersion/TP1/tp1.scala
2024.01.11 14:09:41 WARN  no build target for: /home/max/Bureau/Work/ECOLE/ING2-EISTI/Semestre4/Programmation_fonctionnelle/Max/Cours/ScalaVersion/TP1/tp1.scala
2024.01.11 14:09:52 WARN  no build target for: /home/max/Bureau/Work/ECOLE/ING2-EISTI/Semestre4/Programmation_fonctionnelle/Max/Cours/ScalaVersion/TP1/tp1.scala
2024.01.11 14:09:58 WARN  no build target for: /home/max/Bureau/Work/ECOLE/ING2-EISTI/Semestre4/Programmation_fonctionnelle/Max/Cours/ScalaVersion/TP1/tp1.scala
2024.01.11 14:10:02 WARN  no build target for: /home/max/Bureau/Work/ECOLE/ING2-EISTI/Semestre4/Programmation_fonctionnelle/Max/Cours/ScalaVersion/TP1/tp1.scala
2024.01.11 14:10:04 WARN  no build target for: /home/max/Bureau/Work/ECOLE/ING2-EISTI/Semestre4/Programmation_fonctionnelle/Max/Cours/ScalaVersion/TP1/tp1.scala
2024.01.11 14:10:08 WARN  no build target for: /home/max/Bureau/Work/ECOLE/ING2-EISTI/Semestre4/Programmation_fonctionnelle/Max/Cours/ScalaVersion/TP1/tp1.scala
2024.01.11 14:10:12 WARN  no build target for: /home/max/Bureau/Work/ECOLE/ING2-EISTI/Semestre4/Programmation_fonctionnelle/Max/Cours/ScalaVersion/TP1/tp1.scala
2024.01.11 14:10:13 WARN  no build target for: /home/max/Bureau/Work/ECOLE/ING2-EISTI/Semestre4/Programmation_fonctionnelle/Max/Cours/ScalaVersion/TP1/tp1.scala
2024.01.11 14:10:13 WARN  no build target for: /home/max/Bureau/Work/ECOLE/ING2-EISTI/Semestre4/Programmation_fonctionnelle/Max/Cours/ScalaVersion/TP1/tp1.scala
2024.01.11 14:10:13 WARN  no build target for: /home/max/Bureau/Work/ECOLE/ING2-EISTI/Semestre4/Programmation_fonctionnelle/Max/Cours/ScalaVersion/TP1/tp1.scala
2024.01.11 14:10:13 WARN  no build target for: /home/max/Bureau/Work/ECOLE/ING2-EISTI/Semestre4/Programmation_fonctionnelle/Max/Cours/ScalaVersion/TP1/tp1.scala
2024.01.11 14:10:14 WARN  no build target for: /home/max/Bureau/Work/ECOLE/ING2-EISTI/Semestre4/Programmation_fonctionnelle/Max/Cours/ScalaVersion/TP1/tp1.scala
2024.01.11 14:10:14 WARN  no build target for: /home/max/Bureau/Work/ECOLE/ING2-EISTI/Semestre4/Programmation_fonctionnelle/Max/Cours/ScalaVersion/TP1/tp1.scala
2024.01.11 14:10:14 WARN  no build target for: /home/max/Bureau/Work/ECOLE/ING2-EISTI/Semestre4/Programmation_fonctionnelle/Max/Cours/ScalaVersion/TP1/tp1.scala
2024.01.11 14:10:14 WARN  no build target for: /home/max/Bureau/Work/ECOLE/ING2-EISTI/Semestre4/Programmation_fonctionnelle/Max/Cours/ScalaVersion/TP1/tp1.scala
2024.01.11 14:10:17 WARN  no build target for: /home/max/Bureau/Work/ECOLE/ING2-EISTI/Semestre4/Programmation_fonctionnelle/Max/Cours/ScalaVersion/TP1/tp1.scala
2024.01.11 14:10:17 WARN  no build target for: /home/max/Bureau/Work/ECOLE/ING2-EISTI/Semestre4/Programmation_fonctionnelle/Max/Cours/ScalaVersion/TP1/tp1.scala
2024.01.11 14:10:18 WARN  no build target for: /home/max/Bureau/Work/ECOLE/ING2-EISTI/Semestre4/Programmation_fonctionnelle/Max/Cours/ScalaVersion/TP1/tp1.scala
2024.01.11 14:10:18 WARN  no build target for: /home/max/Bureau/Work/ECOLE/ING2-EISTI/Semestre4/Programmation_fonctionnelle/Max/Cours/ScalaVersion/TP1/tp1.scala
2024.01.11 14:10:18 WARN  no build target for: /home/max/Bureau/Work/ECOLE/ING2-EISTI/Semestre4/Programmation_fonctionnelle/Max/Cours/ScalaVersion/TP1/tp1.scala
2024.01.11 14:10:18 WARN  no build target for: /home/max/Bureau/Work/ECOLE/ING2-EISTI/Semestre4/Programmation_fonctionnelle/Max/Cours/ScalaVersion/TP1/tp1.scala
2024.01.11 14:11:20 WARN  no build target for: /home/max/Bureau/Work/ECOLE/ING2-EISTI/Semestre4/Programmation_fonctionnelle/Max/Cours/ScalaVersion/TP1/tp1.scala
2024.01.11 14:11:23 WARN  no build target for: /home/max/Bureau/Work/ECOLE/ING2-EISTI/Semestre4/Programmation_fonctionnelle/Max/Cours/ScalaVersion/TP1/tp1.scala
2024.01.11 14:11:24 WARN  no build target for: /home/max/Bureau/Work/ECOLE/ING2-EISTI/Semestre4/Programmation_fonctionnelle/Max/Cours/ScalaVersion/TP1/tp1.scala
2024.01.11 14:11:24 WARN  no build target for: /home/max/Bureau/Work/ECOLE/ING2-EISTI/Semestre4/Programmation_fonctionnelle/Max/Cours/ScalaVersion/TP1/tp1.scala
2024.01.11 14:11:29 WARN  no build target for: /home/max/Bureau/Work/ECOLE/ING2-EISTI/Semestre4/Programmation_fonctionnelle/Max/Cours/ScalaVersion/TP1/tp1.scala
2024.01.11 14:11:30 WARN  no build target for: /home/max/Bureau/Work/ECOLE/ING2-EISTI/Semestre4/Programmation_fonctionnelle/Max/Cours/ScalaVersion/TP1/tp1.scala
2024.01.11 14:12:20 WARN  no build target for: /home/max/Bureau/Work/ECOLE/ING2-EISTI/Semestre4/Programmation_fonctionnelle/Max/Cours/ScalaVersion/TP1/tp1.scala
2024.01.11 14:12:22 WARN  no build target for: /home/max/Bureau/Work/ECOLE/ING2-EISTI/Semestre4/Programmation_fonctionnelle/Max/Cours/ScalaVersion/TP1/tp1.scala
2024.01.11 14:12:23 WARN  no build target for: /home/max/Bureau/Work/ECOLE/ING2-EISTI/Semestre4/Programmation_fonctionnelle/Max/Cours/ScalaVersion/TP1/tp1.scala
2024.01.11 14:12:26 WARN  no build target for: /home/max/Bureau/Work/ECOLE/ING2-EISTI/Semestre4/Programmation_fonctionnelle/Max/Cours/ScalaVersion/TP1/tp1.scala
janv. 11, 2024 2:12:27 PM org.eclipse.lsp4j.jsonrpc.RemoteEndpoint handleCancellation
AVERTISSEMENT: Unmatched cancel notification for request id 432
2024.01.11 14:12:28 WARN  no build target for: /home/max/Bureau/Work/ECOLE/ING2-EISTI/Semestre4/Programmation_fonctionnelle/Max/Cours/ScalaVersion/TP1/tp1.scala
2024.01.11 14:12:34 WARN  no build target for: /home/max/Bureau/Work/ECOLE/ING2-EISTI/Semestre4/Programmation_fonctionnelle/Max/Cours/ScalaVersion/TP1/tp1.scala
2024.01.11 14:12:35 WARN  no build target for: /home/max/Bureau/Work/ECOLE/ING2-EISTI/Semestre4/Programmation_fonctionnelle/Max/Cours/ScalaVersion/TP1/tp1.scala
2024.01.11 14:12:35 WARN  no build target for: /home/max/Bureau/Work/ECOLE/ING2-EISTI/Semestre4/Programmation_fonctionnelle/Max/Cours/ScalaVersion/TP1/tp1.scala
2024.01.11 14:12:35 WARN  no build target for: /home/max/Bureau/Work/ECOLE/ING2-EISTI/Semestre4/Programmation_fonctionnelle/Max/Cours/ScalaVersion/TP1/tp1.scala
2024.01.11 14:12:36 WARN  no build target for: /home/max/Bureau/Work/ECOLE/ING2-EISTI/Semestre4/Programmation_fonctionnelle/Max/Cours/ScalaVersion/TP1/tp1.scala
2024.01.11 14:12:36 WARN  no build target for: /home/max/Bureau/Work/ECOLE/ING2-EISTI/Semestre4/Programmation_fonctionnelle/Max/Cours/ScalaVersion/TP1/tp1.scala
2024.01.11 14:12:36 WARN  no build target for: /home/max/Bureau/Work/ECOLE/ING2-EISTI/Semestre4/Programmation_fonctionnelle/Max/Cours/ScalaVersion/TP1/tp1.scala
2024.01.11 14:12:36 WARN  no build target for: /home/max/Bureau/Work/ECOLE/ING2-EISTI/Semestre4/Programmation_fonctionnelle/Max/Cours/ScalaVersion/TP1/tp1.scala
2024.01.11 14:12:49 WARN  no build target for: /home/max/Bureau/Work/ECOLE/ING2-EISTI/Semestre4/Programmation_fonctionnelle/Max/Cours/ScalaVersion/TP1/tp1.scala
2024.01.11 14:12:53 WARN  no build target for: /home/max/Bureau/Work/ECOLE/ING2-EISTI/Semestre4/Programmation_fonctionnelle/Max/Cours/ScalaVersion/TP1/tp1.scala
2024.01.11 14:12:53 WARN  no build target for: /home/max/Bureau/Work/ECOLE/ING2-EISTI/Semestre4/Programmation_fonctionnelle/Max/Cours/ScalaVersion/TP1/tp1.scala
2024.01.11 14:13:01 WARN  no build target for: /home/max/Bureau/Work/ECOLE/ING2-EISTI/Semestre4/Programmation_fonctionnelle/Max/Cours/ScalaVersion/TP1/tp1.scala
2024.01.11 14:13:03 WARN  no build target for: /home/max/Bureau/Work/ECOLE/ING2-EISTI/Semestre4/Programmation_fonctionnelle/Max/Cours/ScalaVersion/TP1/tp1.scala
2024.01.11 14:13:07 WARN  no build target for: /home/max/Bureau/Work/ECOLE/ING2-EISTI/Semestre4/Programmation_fonctionnelle/Max/Cours/ScalaVersion/TP1/tp1.scala
2024.01.11 14:13:13 WARN  no build target for: /home/max/Bureau/Work/ECOLE/ING2-EISTI/Semestre4/Programmation_fonctionnelle/Max/Cours/ScalaVersion/TP1/tp1.scala
2024.01.11 14:13:15 WARN  no build target for: /home/max/Bureau/Work/ECOLE/ING2-EISTI/Semestre4/Programmation_fonctionnelle/Max/Cours/ScalaVersion/TP1/tp1.scala
2024.01.11 14:13:18 WARN  no build target for: /home/max/Bureau/Work/ECOLE/ING2-EISTI/Semestre4/Programmation_fonctionnelle/Max/Cours/ScalaVersion/TP1/tp1.scala
2024.01.11 14:13:21 WARN  no build target for: /home/max/Bureau/Work/ECOLE/ING2-EISTI/Semestre4/Programmation_fonctionnelle/Max/Cours/ScalaVersion/TP1/tp1.scala
2024.01.11 14:13:21 WARN  no build target for: /home/max/Bureau/Work/ECOLE/ING2-EISTI/Semestre4/Programmation_fonctionnelle/Max/Cours/ScalaVersion/TP1/tp1.scala
2024.01.11 14:13:30 WARN  no build target for: /home/max/Bureau/Work/ECOLE/ING2-EISTI/Semestre4/Programmation_fonctionnelle/Max/Cours/ScalaVersion/TP1/tp1.scala
2024.01.11 14:13:31 WARN  no build target for: /home/max/Bureau/Work/ECOLE/ING2-EISTI/Semestre4/Programmation_fonctionnelle/Max/Cours/ScalaVersion/TP1/tp1.scala
2024.01.11 14:13:31 WARN  no build target for: /home/max/Bureau/Work/ECOLE/ING2-EISTI/Semestre4/Programmation_fonctionnelle/Max/Cours/ScalaVersion/TP1/tp1.scala
2024.01.11 14:13:33 WARN  no build target for: /home/max/Bureau/Work/ECOLE/ING2-EISTI/Semestre4/Programmation_fonctionnelle/Max/Cours/ScalaVersion/TP1/tp1.scala
2024.01.11 14:13:34 WARN  no build target for: /home/max/Bureau/Work/ECOLE/ING2-EISTI/Semestre4/Programmation_fonctionnelle/Max/Cours/ScalaVersion/TP1/tp1.scala
2024.01.11 14:13:43 WARN  no build target for: /home/max/Bureau/Work/ECOLE/ING2-EISTI/Semestre4/Programmation_fonctionnelle/Max/Cours/ScalaVersion/TP1/tp1.scala
2024.01.11 14:13:43 WARN  no build target for: /home/max/Bureau/Work/ECOLE/ING2-EISTI/Semestre4/Programmation_fonctionnelle/Max/Cours/ScalaVersion/TP1/tp1.scala
2024.01.11 14:13:45 WARN  no build target for: /home/max/Bureau/Work/ECOLE/ING2-EISTI/Semestre4/Programmation_fonctionnelle/Max/Cours/ScalaVersion/TP1/tp1.scala
2024.01.11 14:13:52 WARN  no build target for: /home/max/Bureau/Work/ECOLE/ING2-EISTI/Semestre4/Programmation_fonctionnelle/Max/Cours/ScalaVersion/TP1/tp1.scala
2024.01.11 14:13:53 WARN  no build target for: /home/max/Bureau/Work/ECOLE/ING2-EISTI/Semestre4/Programmation_fonctionnelle/Max/Cours/ScalaVersion/TP1/tp1.scala
2024.01.11 14:13:55 WARN  no build target for: /home/max/Bureau/Work/ECOLE/ING2-EISTI/Semestre4/Programmation_fonctionnelle/Max/Cours/ScalaVersion/TP1/tp1.scala
2024.01.11 14:13:55 WARN  no build target for: /home/max/Bureau/Work/ECOLE/ING2-EISTI/Semestre4/Programmation_fonctionnelle/Max/Cours/ScalaVersion/TP1/tp1.scala
2024.01.11 14:13:55 WARN  no build target for: /home/max/Bureau/Work/ECOLE/ING2-EISTI/Semestre4/Programmation_fonctionnelle/Max/Cours/ScalaVersion/TP1/tp1.scala
2024.01.11 14:13:55 WARN  no build target for: /home/max/Bureau/Work/ECOLE/ING2-EISTI/Semestre4/Programmation_fonctionnelle/Max/Cours/ScalaVersion/TP1/tp1.scala
2024.01.11 14:13:56 WARN  no build target for: /home/max/Bureau/Work/ECOLE/ING2-EISTI/Semestre4/Programmation_fonctionnelle/Max/Cours/ScalaVersion/TP1/tp1.scala
2024.01.11 14:13:59 WARN  no build target for: /home/max/Bureau/Work/ECOLE/ING2-EISTI/Semestre4/Programmation_fonctionnelle/Max/Cours/ScalaVersion/TP1/tp1.scala
2024.01.11 14:13:59 WARN  no build target for: /home/max/Bureau/Work/ECOLE/ING2-EISTI/Semestre4/Programmation_fonctionnelle/Max/Cours/ScalaVersion/TP1/tp1.scala
2024.01.11 14:14:00 WARN  no build target for: /home/max/Bureau/Work/ECOLE/ING2-EISTI/Semestre4/Programmation_fonctionnelle/Max/Cours/ScalaVersion/TP1/tp1.scala
2024.01.11 14:14:26 WARN  no build target for: /home/max/Bureau/Work/ECOLE/ING2-EISTI/Semestre4/Programmation_fonctionnelle/Max/Cours/ScalaVersion/TP1/tp1.scala
2024.01.11 14:14:26 WARN  no build target for: /home/max/Bureau/Work/ECOLE/ING2-EISTI/Semestre4/Programmation_fonctionnelle/Max/Cours/ScalaVersion/TP1/tp1.scala
2024.01.11 14:16:52 WARN  no build target for: /home/max/Bureau/Work/ECOLE/ING2-EISTI/Semestre4/Programmation_fonctionnelle/Max/Cours/ScalaVersion/TP1/triangleArea.scala
2024.01.11 14:16:56 WARN  no build target for: /home/max/Bureau/Work/ECOLE/ING2-EISTI/Semestre4/Programmation_fonctionnelle/Max/Cours/ScalaVersion/TP1/isLeap.scala
2024.01.11 14:16:57 WARN  no build target for: /home/max/Bureau/Work/ECOLE/ING2-EISTI/Semestre4/Programmation_fonctionnelle/Max/Cours/ScalaVersion/TP1/isLeap.scala
2024.01.11 14:16:57 WARN  no build target for: /home/max/Bureau/Work/ECOLE/ING2-EISTI/Semestre4/Programmation_fonctionnelle/Max/Cours/ScalaVersion/TP1/isLeap.scala
2024.01.11 14:17:01 WARN  no build target for: /home/max/Bureau/Work/ECOLE/ING2-EISTI/Semestre4/Programmation_fonctionnelle/Max/Cours/ScalaVersion/TP1/triangleArea.scala
2024.01.11 14:17:02 WARN  no build target for: /home/max/Bureau/Work/ECOLE/ING2-EISTI/Semestre4/Programmation_fonctionnelle/Max/Cours/ScalaVersion/TP1/triangleArea.scala
2024.01.11 14:17:06 WARN  no build target for: /home/max/Bureau/Work/ECOLE/ING2-EISTI/Semestre4/Programmation_fonctionnelle/Max/Cours/ScalaVersion/TP1/triangleArea.scala
2024.01.11 14:17:08 WARN  no build target for: /home/max/Bureau/Work/ECOLE/ING2-EISTI/Semestre4/Programmation_fonctionnelle/Max/Cours/ScalaVersion/TP1/ageXmas.2023.scala
2024.01.11 14:17:09 WARN  no build target for: /home/max/Bureau/Work/ECOLE/ING2-EISTI/Semestre4/Programmation_fonctionnelle/Max/Cours/ScalaVersion/TP1/ageXmas.2023.scala
2024.01.11 14:17:09 WARN  no build target for: /home/max/Bureau/Work/ECOLE/ING2-EISTI/Semestre4/Programmation_fonctionnelle/Max/Cours/ScalaVersion/TP1/ageXmas.2023.scala
2024.01.11 14:17:12 WARN  no build target for: /home/max/Bureau/Work/ECOLE/ING2-EISTI/Semestre4/Programmation_fonctionnelle/Max/Cours/ScalaVersion/TP1/ageXmas.2023.scala
2024.01.11 14:17:12 WARN  no build target for: /home/max/Bureau/Work/ECOLE/ING2-EISTI/Semestre4/Programmation_fonctionnelle/Max/Cours/ScalaVersion/TP1/ageXmas.2023.scala
2024.01.11 14:17:12 WARN  no build target for: /home/max/Bureau/Work/ECOLE/ING2-EISTI/Semestre4/Programmation_fonctionnelle/Max/Cours/ScalaVersion/TP1/ageXmas.2023.scala
2024.01.11 14:17:32 WARN  no build target for: /home/max/Bureau/Work/ECOLE/ING2-EISTI/Semestre4/Programmation_fonctionnelle/Max/Cours/ScalaVersion/TP1/main.scala
2024.01.11 14:18:22 WARN  no build target for: /home/max/Bureau/Work/ECOLE/ING2-EISTI/Semestre4/Programmation_fonctionnelle/Max/Cours/ScalaVersion/TP1/main.scala
2024.01.11 14:18:22 WARN  no build target for: /home/max/Bureau/Work/ECOLE/ING2-EISTI/Semestre4/Programmation_fonctionnelle/Max/Cours/ScalaVersion/TP1/main.scala
2024.01.11 14:18:22 WARN  no build target for: /home/max/Bureau/Work/ECOLE/ING2-EISTI/Semestre4/Programmation_fonctionnelle/Max/Cours/ScalaVersion/TP1/main.scala
2024.01.11 14:18:23 WARN  no build target for: /home/max/Bureau/Work/ECOLE/ING2-EISTI/Semestre4/Programmation_fonctionnelle/Max/Cours/ScalaVersion/TP1/main.scala
2024.01.11 14:18:23 WARN  no build target for: /home/max/Bureau/Work/ECOLE/ING2-EISTI/Semestre4/Programmation_fonctionnelle/Max/Cours/ScalaVersion/TP1/main.scala
2024.01.11 14:19:22 WARN  no build target for: /home/max/Bureau/Work/ECOLE/ING2-EISTI/Semestre4/Programmation_fonctionnelle/Max/Cours/ScalaVersion/TP1/ageXmas2023.scala
2024.01.11 14:20:24 WARN  no build target for: /home/max/Bureau/Work/ECOLE/ING2-EISTI/Semestre4/Programmation_fonctionnelle/Max/Cours/ScalaVersion/TP1/ageXmas2023.scala
2024.01.11 14:20:24 WARN  no build target for: /home/max/Bureau/Work/ECOLE/ING2-EISTI/Semestre4/Programmation_fonctionnelle/Max/Cours/ScalaVersion/TP1/ageXmas2023.scala
2024.01.11 14:20:24 WARN  no build target for: /home/max/Bureau/Work/ECOLE/ING2-EISTI/Semestre4/Programmation_fonctionnelle/Max/Cours/ScalaVersion/TP1/ageXmas2023.scala
2024.01.11 14:20:32 WARN  no build target for: /home/max/Bureau/Work/ECOLE/ING2-EISTI/Semestre4/Programmation_fonctionnelle/Max/Cours/ScalaVersion/TP1/isLeap.scala
janv. 11, 2024 2:20:34 PM org.eclipse.lsp4j.jsonrpc.RemoteEndpoint handleCancellation
AVERTISSEMENT: Unmatched cancel notification for request id 779
2024.01.11 14:20:52 WARN  no build target for: /home/max/Bureau/Work/ECOLE/ING2-EISTI/Semestre4/Programmation_fonctionnelle/Max/Cours/ScalaVersion/TP1/isLeap.scala
2024.01.11 14:20:52 WARN  no build target for: /home/max/Bureau/Work/ECOLE/ING2-EISTI/Semestre4/Programmation_fonctionnelle/Max/Cours/ScalaVersion/TP1/isLeap.scala
janv. 11, 2024 2:21:37 PM org.eclipse.lsp4j.jsonrpc.services.GenericEndpoint notify
INFOS: Unsupported notification method: $/setTrace
